# JRE version: OpenJDK Runtime Environment Temurin-21.0.9+10 (21.0.9+10) (build 21.0.9+10-LTS)
# Java VM: OpenJDK 64-Bit Server VM Temurin-21.0.9+10 (21.0.9+10-LTS, mixed mode, sharing, tiered, compressed oops, compressed class ptrs, parallel gc, bsd-amd64)
Heap:
 PSYoungGen      total 20480K, used 1183K [0x00000007d5580000, 0x00000007d6b80000, 0x0000000800000000)
  eden space 19456K, 3% used [0x00000007d5580000,0x00000007d5625fb0,0x00000007d6880000)
  from space 1024K, 50% used [0x00000007d6a80000,0x00000007d6b02010,0x00000007d6b80000)
  to   space 1024K, 0% used [0x00000007d6980000,0x00000007d6980000,0x00000007d6a80000)
 ParOldGen       total 68608K, used 48873K [0x0000000780000000, 0x0000000784300000, 0x00000007d5580000)
  object space 68608K, 71% used [0x0000000780000000,0x0000000782fba7f8,0x0000000784300000)
 Metaspace       used 50688K, committed 51968K, reserved 1114112K
  class space    used 5501K, committed 6016K, reserved 1048576K
GC Heap History (20 events):
Event: 43.481 GC heap before
{Heap before GC invocations=23 (full 2):
 PSYoungGen      total 24064K, used 24032K [0x00000007d5580000, 0x00000007d7200000, 0x0000000800000000)
  eden space 22016K, 100% used [0x00000007d5580000,0x00000007d6b00000,0x00000007d6b00000)
  from space 2048K, 98% used [0x00000007d7000000,0x00000007d71f8030,0x00000007d7200000)
  to   space 3584K, 0% used [0x00000007d6b00000,0x00000007d6b00000,0x00000007d6e80000)
 ParOldGen       total 68608K, used 29480K [0x0000000780000000, 0x0000000784300000, 0x00000007d5580000)
  object space 68608K, 42% used [0x0000000780000000,0x0000000781cca258,0x0000000784300000)
 Metaspace       used 48185K, committed 49472K, reserved 1114112K
  class space    used 5282K, committed 5824K, reserved 1048576K
}
Event: 43.498 GC heap after
{Heap after GC invocations=23 (full 2):
 PSYoungGen      total 25088K, used 2689K [0x00000007d5580000, 0x00000007d7100000, 0x0000000800000000)
  eden space 22016K, 0% used [0x00000007d5580000,0x00000007d5580000,0x00000007d6b00000)
  from space 3072K, 87% used [0x00000007d6b00000,0x00000007d6da0430,0x00000007d6e00000)
  to   space 3072K, 0% used [0x00000007d6e00000,0x00000007d6e00000,0x00000007d7100000)
 ParOldGen       total 68608K, used 31407K [0x0000000780000000, 0x0000000784300000, 0x00000007d5580000)
  object space 68608K, 45% used [0x0000000780000000,0x0000000781eabc48,0x0000000784300000)
 Metaspace       used 48185K, committed 49472K, reserved 1114112K
  class space    used 5282K, committed 5824K, reserved 1048576K
}
Event: 44.043 GC heap before
{Heap before GC invocations=24 (full 2):
 PSYoungGen      total 25088K, used 24705K [0x00000007d5580000, 0x00000007d7100000, 0x0000000800000000)
  eden space 22016K, 100% used [0x00000007d5580000,0x00000007d6b00000,0x00000007d6b00000)
  from space 3072K, 87% used [0x00000007d6b00000,0x00000007d6da0430,0x00000007d6e00000)
  to   space 3072K, 0% used [0x00000007d6e00000,0x00000007d6e00000,0x00000007d7100000)
 ParOldGen       total 68608K, used 31407K [0x0000000780000000, 0x0000000784300000, 0x00000007d5580000)
  object space 68608K, 45% used [0x0000000780000000,0x0000000781eabc48,0x0000000784300000)
 Metaspace       used 48230K, committed 49536K, reserved 1114112K
  class space    used 5283K, committed 5824K, reserved 1048576K
}
Event: 44.059 GC heap after
{Heap after GC invocations=24 (full 2):
 PSYoungGen      total 25088K, used 2818K [0x00000007d5580000, 0x00000007d7100000, 0x0000000800000000)
  eden space 22016K, 0% used [0x00000007d5580000,0x00000007d5580000,0x00000007d6b00000)
  from space 3072K, 91% used [0x00000007d6e00000,0x00000007d70c0810,0x00000007d7100000)
  to   space 3072K, 0% used [0x00000007d6b00000,0x00000007d6b00000,0x00000007d6e00000)
 ParOldGen       total 68608K, used 33822K [0x0000000780000000, 0x0000000784300000, 0x00000007d5580000)
  object space 68608K, 49% used [0x0000000780000000,0x0000000782107ac8,0x0000000784300000)
 Metaspace       used 48230K, committed 49536K, reserved 1114112K
  class space    used 5283K, committed 5824K, reserved 1048576K
}
Event: 44.562 GC heap before
{Heap before GC invocations=25 (full 2):
 PSYoungGen      total 25088K, used 24834K [0x00000007d5580000, 0x00000007d7100000, 0x0000000800000000)
  eden space 22016K, 100% used [0x00000007d5580000,0x00000007d6b00000,0x00000007d6b00000)
  from space 3072K, 91% used [0x00000007d6e00000,0x00000007d70c0810,0x00000007d7100000)
  to   space 3072K, 0% used [0x00000007d6b00000,0x00000007d6b00000,0x00000007d6e00000)
 ParOldGen       total 68608K, used 33822K [0x0000000780000000, 0x0000000784300000, 0x00000007d5580000)
  object space 68608K, 49% used [0x0000000780000000,0x0000000782107ac8,0x0000000784300000)
 Metaspace       used 48244K, committed 49536K, reserved 1114112K
  class space    used 5283K, committed 5824K, reserved 1048576K
}
Event: 44.577 GC heap after
{Heap after GC invocations=25 (full 2):
 PSYoungGen      total 24576K, used 2340K [0x00000007d5580000, 0x00000007d7000000, 0x0000000800000000)
  eden space 22016K, 0% used [0x00000007d5580000,0x00000007d5580000,0x00000007d6b00000)
  from space 2560K, 91% used [0x00000007d6b00000,0x00000007d6d49000,0x00000007d6d80000)
  to   space 2560K, 0% used [0x00000007d6d80000,0x00000007d6d80000,0x00000007d7000000)
 ParOldGen       total 68608K, used 36414K [0x0000000780000000, 0x0000000784300000, 0x00000007d5580000)
  object space 68608K, 53% used [0x0000000780000000,0x000000078238f850,0x0000000784300000)
 Metaspace       used 48244K, committed 49536K, reserved 1114112K
  class space    used 5283K, committed 5824K, reserved 1048576K
}
Event: 45.312 GC heap before
{Heap before GC invocations=26 (full 2):
 PSYoungGen      total 24576K, used 24356K [0x00000007d5580000, 0x00000007d7000000, 0x0000000800000000)
  eden space 22016K, 100% used [0x00000007d5580000,0x00000007d6b00000,0x00000007d6b00000)
  from space 2560K, 91% used [0x00000007d6b00000,0x00000007d6d49000,0x00000007d6d80000)
  to   space 2560K, 0% used [0x00000007d6d80000,0x00000007d6d80000,0x00000007d7000000)
 ParOldGen       total 68608K, used 36414K [0x0000000780000000, 0x0000000784300000, 0x00000007d5580000)
  object space 68608K, 53% used [0x0000000780000000,0x000000078238f850,0x0000000784300000)
 Metaspace       used 48269K, committed 49600K, reserved 1114112K
  class space    used 5284K, committed 5824K, reserved 1048576K
}
Event: 45.331 GC heap after
{Heap after GC invocations=26 (full 2):
 PSYoungGen      total 24576K, used 2432K [0x00000007d5580000, 0x00000007d7000000, 0x0000000800000000)
  eden space 22016K, 0% used [0x00000007d5580000,0x00000007d5580000,0x00000007d6b00000)
  from space 2560K, 95% used [0x00000007d6d80000,0x00000007d6fe0010,0x00000007d7000000)
  to   space 2560K, 0% used [0x00000007d6b00000,0x00000007d6b00000,0x00000007d6d80000)
 ParOldGen       total 68608K, used 38659K [0x0000000780000000, 0x0000000784300000, 0x00000007d5580000)
  object space 68608K, 56% used [0x0000000780000000,0x00000007825c0e78,0x0000000784300000)
 Metaspace       used 48269K, committed 49600K, reserved 1114112K
  class space    used 5284K, committed 5824K, reserved 1048576K
}
Event: 45.849 GC heap before
{Heap before GC invocations=27 (full 2):
 PSYoungGen      total 24576K, used 24448K [0x00000007d5580000, 0x00000007d7000000, 0x0000000800000000)
  eden space 22016K, 100% used [0x00000007d5580000,0x00000007d6b00000,0x00000007d6b00000)
  from space 2560K, 95% used [0x00000007d6d80000,0x00000007d6fe0010,0x00000007d7000000)
  to   space 2560K, 0% used [0x00000007d6b00000,0x00000007d6b00000,0x00000007d6d80000)
 ParOldGen       total 68608K, used 38659K [0x0000000780000000, 0x0000000784300000, 0x00000007d5580000)
  object space 68608K, 56% used [0x0000000780000000,0x00000007825c0e78,0x0000000784300000)
 Metaspace       used 48538K, committed 49856K, reserved 1114112K
  class space    used 5309K, committed 5824K, reserved 1048576K
}
Event: 45.869 GC heap after
{Heap after GC invocations=27 (full 2):
 PSYoungGen      total 24576K, used 2168K [0x00000007d5580000, 0x00000007d7000000, 0x0000000800000000)
  eden space 22016K, 0% used [0x00000007d5580000,0x00000007d5580000,0x00000007d6b00000)
  from space 2560K, 84% used [0x00000007d6b00000,0x00000007d6d1e200,0x00000007d6d80000)
  to   space 2560K, 0% used [0x00000007d6d80000,0x00000007d6d80000,0x00000007d7000000)
 ParOldGen       total 68608K, used 40995K [0x0000000780000000, 0x0000000784300000, 0x00000007d5580000)
  object space 68608K, 59% used [0x0000000780000000,0x0000000782808e88,0x0000000784300000)
 Metaspace       used 48538K, committed 49856K, reserved 1114112K
  class space    used 5309K, committed 5824K, reserved 1048576K
}
Event: 47.467 GC heap before
{Heap before GC invocations=28 (full 2):
 PSYoungGen      total 24576K, used 24184K [0x00000007d5580000, 0x00000007d7000000, 0x0000000800000000)
  eden space 22016K, 100% used [0x00000007d5580000,0x00000007d6b00000,0x00000007d6b00000)
  from space 2560K, 84% used [0x00000007d6b00000,0x00000007d6d1e200,0x00000007d6d80000)
  to   space 2560K, 0% used [0x00000007d6d80000,0x00000007d6d80000,0x00000007d7000000)
 ParOldGen       total 68608K, used 40995K [0x0000000780000000, 0x0000000784300000, 0x00000007d5580000)
  object space 68608K, 59% used [0x0000000780000000,0x0000000782808e88,0x0000000784300000)
 Metaspace       used 49562K, committed 50880K, reserved 1114112K
  class space    used 5407K, committed 5952K, reserved 1048576K
}
Event: 47.478 GC heap after
{Heap after GC invocations=28 (full 2):
 PSYoungGen      total 22016K, used 2560K [0x00000007d5580000, 0x00000007d7500000, 0x0000000800000000)
  eden space 19456K, 0% used [0x00000007d5580000,0x00000007d5580000,0x00000007d6880000)
  from space 2560K, 100% used [0x00000007d6d80000,0x00000007d7000000,0x00000007d7000000)
  to   space 5120K, 0% used [0x00000007d6880000,0x00000007d6880000,0x00000007d6d80000)
 ParOldGen       total 68608K, used 43044K [0x0000000780000000, 0x0000000784300000, 0x00000007d5580000)
  object space 68608K, 62% used [0x0000000780000000,0x0000000782a090a8,0x0000000784300000)
 Metaspace       used 49562K, committed 50880K, reserved 1114112K
  class space    used 5407K, committed 5952K, reserved 1048576K
}
Event: 48.532 GC heap before
{Heap before GC invocations=29 (full 2):
 PSYoungGen      total 22016K, used 22016K [0x00000007d5580000, 0x00000007d7500000, 0x0000000800000000)
  eden space 19456K, 100% used [0x00000007d5580000,0x00000007d6880000,0x00000007d6880000)
  from space 2560K, 100% used [0x00000007d6d80000,0x00000007d7000000,0x00000007d7000000)
  to   space 5120K, 0% used [0x00000007d6880000,0x00000007d6880000,0x00000007d6d80000)
 ParOldGen       total 68608K, used 43044K [0x0000000780000000, 0x0000000784300000, 0x00000007d5580000)
  object space 68608K, 62% used [0x0000000780000000,0x0000000782a090a8,0x0000000784300000)
 Metaspace       used 49733K, committed 51008K, reserved 1114112K
  class space    used 5407K, committed 5952K, reserved 1048576K
}
Event: 48.540 GC heap after
{Heap after GC invocations=29 (full 2):
 PSYoungGen      total 20992K, used 1216K [0x00000007d5580000, 0x00000007d6e00000, 0x0000000800000000)
  eden space 19456K, 0% used [0x00000007d5580000,0x00000007d5580000,0x00000007d6880000)
  from space 1536K, 79% used [0x00000007d6880000,0x00000007d69b0000,0x00000007d6a00000)
  to   space 2560K, 0% used [0x00000007d6b80000,0x00000007d6b80000,0x00000007d6e00000)
 ParOldGen       total 68608K, used 45505K [0x0000000780000000, 0x0000000784300000, 0x00000007d5580000)
  object space 68608K, 66% used [0x0000000780000000,0x0000000782c70418,0x0000000784300000)
 Metaspace       used 49733K, committed 51008K, reserved 1114112K
  class space    used 5407K, committed 5952K, reserved 1048576K
}
Event: 48.867 GC heap before
{Heap before GC invocations=30 (full 2):
 PSYoungGen      total 20992K, used 20672K [0x00000007d5580000, 0x00000007d6e00000, 0x0000000800000000)
  eden space 19456K, 100% used [0x00000007d5580000,0x00000007d6880000,0x00000007d6880000)
  from space 1536K, 79% used [0x00000007d6880000,0x00000007d69b0000,0x00000007d6a00000)
  to   space 2560K, 0% used [0x00000007d6b80000,0x00000007d6b80000,0x00000007d6e00000)
 ParOldGen       total 68608K, used 45505K [0x0000000780000000, 0x0000000784300000, 0x00000007d5580000)
  object space 68608K, 66% used [0x0000000780000000,0x0000000782c70418,0x0000000784300000)
 Metaspace       used 50019K, committed 51264K, reserved 1114112K
  class space    used 5447K, committed 5952K, reserved 1048576K
}
Event: 48.882 GC heap after
{Heap after GC invocations=30 (full 2):
 PSYoungGen      total 22016K, used 2048K [0x00000007d5580000, 0x00000007d6e00000, 0x0000000800000000)
  eden space 19456K, 0% used [0x00000007d5580000,0x00000007d5580000,0x00000007d6880000)
  from space 2560K, 80% used [0x00000007d6b80000,0x00000007d6d80060,0x00000007d6e00000)
  to   space 2560K, 0% used [0x00000007d6900000,0x00000007d6900000,0x00000007d6b80000)
 ParOldGen       total 68608K, used 46565K [0x0000000780000000, 0x0000000784300000, 0x00000007d5580000)
  object space 68608K, 67% used [0x0000000780000000,0x0000000782d79778,0x0000000784300000)
 Metaspace       used 50019K, committed 51264K, reserved 1114112K
  class space    used 5447K, committed 5952K, reserved 1048576K
}
Event: 49.023 GC heap before
{Heap before GC invocations=31 (full 2):
 PSYoungGen      total 22016K, used 21504K [0x00000007d5580000, 0x00000007d6e00000, 0x0000000800000000)
  eden space 19456K, 100% used [0x00000007d5580000,0x00000007d6880000,0x00000007d6880000)
  from space 2560K, 80% used [0x00000007d6b80000,0x00000007d6d80060,0x00000007d6e00000)
  to   space 2560K, 0% used [0x00000007d6900000,0x00000007d6900000,0x00000007d6b80000)
 ParOldGen       total 68608K, used 46565K [0x0000000780000000, 0x0000000784300000, 0x00000007d5580000)
  object space 68608K, 67% used [0x0000000780000000,0x0000000782d79778,0x0000000784300000)
 Metaspace       used 50062K, committed 51328K, reserved 1114112K
  class space    used 5449K, committed 5952K, reserved 1048576K
}
Event: 49.043 GC heap after
{Heap after GC invocations=31 (full 2):
 PSYoungGen      total 20992K, used 1536K [0x00000007d5580000, 0x00000007d6c80000, 0x0000000800000000)
  eden space 19456K, 0% used [0x00000007d5580000,0x00000007d5580000,0x00000007d6880000)
  from space 1536K, 100% used [0x00000007d6900000,0x00000007d6a80000,0x00000007d6a80000)
  to   space 2048K, 0% used [0x00000007d6a80000,0x00000007d6a80000,0x00000007d6c80000)
 ParOldGen       total 68608K, used 47985K [0x0000000780000000, 0x0000000784300000, 0x00000007d5580000)
  object space 68608K, 69% used [0x0000000780000000,0x0000000782edc7f8,0x0000000784300000)
 Metaspace       used 50062K, committed 51328K, reserved 1114112K
  class space    used 5449K, committed 5952K, reserved 1048576K
}
Event: 70.085 GC heap before
{Heap before GC invocations=32 (full 2):
 PSYoungGen      total 20992K, used 20905K [0x00000007d5580000, 0x00000007d6c80000, 0x0000000800000000)
  eden space 19456K, 99% used [0x00000007d5580000,0x00000007d686a4c0,0x00000007d6880000)
  from space 1536K, 100% used [0x00000007d6900000,0x00000007d6a80000,0x00000007d6a80000)
  to   space 2048K, 0% used [0x00000007d6a80000,0x00000007d6a80000,0x00000007d6c80000)
 ParOldGen       total 68608K, used 47985K [0x0000000780000000, 0x0000000784300000, 0x00000007d5580000)
  object space 68608K, 69% used [0x0000000780000000,0x0000000782edc7f8,0x0000000784300000)
 Metaspace       used 50681K, committed 51968K, reserved 1114112K
  class space    used 5501K, committed 6016K, reserved 1048576K
}
Event: 70.090 GC heap after
{Heap after GC invocations=32 (full 2):
 PSYoungGen      total 20480K, used 520K [0x00000007d5580000, 0x00000007d6b80000, 0x0000000800000000)
  eden space 19456K, 0% used [0x00000007d5580000,0x00000007d5580000,0x00000007d6880000)
  from space 1024K, 50% used [0x00000007d6a80000,0x00000007d6b02010,0x00000007d6b80000)
  to   space 1024K, 0% used [0x00000007d6980000,0x00000007d6980000,0x00000007d6a80000)
 ParOldGen       total 68608K, used 48873K [0x0000000780000000, 0x0000000784300000, 0x00000007d5580000)
  object space 68608K, 71% used [0x0000000780000000,0x0000000782fba7f8,0x0000000784300000)
 Metaspace       used 50681K, committed 51968K, reserved 1114112K
  class space    used 5501K, committed 6016K, reserved 1048576K
}

